FORMAL DETERMINISM PROOF LOG
============================

TEST CASE 1: 'hello world'
  RESULT: PASS
  ITERATIONS: 100
  OUTPUT HASH: a58057f1824a8be7a6c228495d1fbf6cc586dc472b8107244297e646fb22f8db
  CONVERGENCE: 100%

TEST CASE 2: 'this is a scam and hack'
  RESULT: PASS
  ITERATIONS: 100
  OUTPUT HASH: f059053fe06f6c2b22c672bb0b0915870425d4445c767df7f83b3119f279fbe8
  CONVERGENCE: 100%

TEST CASE 3: 'kill attack bomb'
  RESULT: PASS
  ITERATIONS: 100
  OUTPUT HASH: 12cc3a8e899b3309fedf3aa84731e91196f062ae7b1874e40ce5f3f5ea96b1a2
  CONVERGENCE: 100%

TEST CASE 4: ''
  RESULT: PASS
  ITERATIONS: 100
  OUTPUT HASH: 3d47803fe22dde2112d8d862db1e1c776c63e2becd5b7ae634c206a2a40cf549
  CONVERGENCE: 100%

TEST CASE 5: 'aaaaaaaaaaaaaaaaaaaaaaaaaaaaaaaaaaaaaaaaaaaaaaaaa
  RESULT: PASS
  ITERATIONS: 100
  OUTPUT HASH: 32eba820932df27ba291b0091395c21c9474cddb1d7cc599860cdf647fb88b15
  CONVERGENCE: 100%

TEST CASE 6: 123
  RESULT: PASS
  ITERATIONS: 100
  OUTPUT HASH: ccbf25abcf0840fcbf794a49563d053b281411336f9e7b5f80d22605871bd9e2
  CONVERGENCE: 100%

TEST CASE 7: None
  RESULT: PASS
  ITERATIONS: 100
  OUTPUT HASH: ccbf25abcf0840fcbf794a49563d053b281411336f9e7b5f80d22605871bd9e2
  CONVERGENCE: 100%

TEST CASE 8: '   whitespace   '
  RESULT: PASS
  ITERATIONS: 100
  OUTPUT HASH: f2165fd1b498b01224f858d1b3ac2c6c821cf2f4a9a21d39536cced0a0622aff
  CONVERGENCE: 100%

TEST CASE 9: 'UPPERCASE SCAM'
  RESULT: PASS
  ITERATIONS: 100
  OUTPUT HASH: f7004db73bae4372bd5b7759014dea666fbd900a941c6e79ca4f11b00bcc46b1
  CONVERGENCE: 100%

TEST CASE 10: 'killkillkillkillkillkillkillkillkillkillkillkillk
  RESULT: PASS
  ITERATIONS: 100
  OUTPUT HASH: c4bcfcefd9b26f6db9247466d4b463a1b8cc0e79f62130a9f9d74b8ca6e98f74
  CONVERGENCE: 100%

FINAL VERDICT: PROVEN
All tests demonstrated 100% deterministic convergence.
